<?xml version="1.0"?>
<!DOCTYPE coverage SYSTEM "http://cobertura.sourceforge.net/xml/coverage-04.dtd">
<coverage 
line-rate="0.91" lines-valid="22" lines-covered="20" branches-valid="4" branches-covered="3" branch-rate="0.75" complexity="0" version="1.0" timestamp="1504674886293">
    <sources>
        <source>--source</source>
        <source>/home/knoldus/TestProject/accounts/src/main/scala</source>
    </sources>
    <packages>
        <package name="main.scala" line-rate="0.91" branch-rate="0.75" complexity="0">
            <classes>
                <class 
                name="main.scala.AccountService" filename="AccountService.scala" line-rate="0.91" branch-rate="0.75" complexity="0">
                    <methods>
                        <method 
                        name="main.scala/AccountService/&lt;none&gt;" signature="()V" line-rate="1.00" branch-rate="1.00" complexity="0">
                            <lines>
                                <line number="10" hits="1" branch="false"/>
                            </lines>
</method>
                        <method 
                        name="main.scala/AccountService/authenticate" signature="()V" line-rate="0.78" branch-rate="0.50" complexity="0">
                            <lines>
                                <line number="25" hits="1" branch="false"/>
                                <line number="28" hits="1" branch="false"/>
                                <line number="24" hits="1" branch="false"/>
                                <line number="27" hits="1" branch="false"/>
                                <line number="24" hits="1" branch="false"/>
                                <line number="26" hits="0" branch="false"/>
                                <line number="26" hits="0" branch="false"/>
                                <line number="28" hits="1" branch="false"/>
                                <line number="24" hits="1" branch="false"/>
                            </lines>
</method>
                        <method name="main.scala/AccountService/addUser" signature="()V" line-rate="1.00" branch-rate="1.00" complexity="0">
                            <lines>
                                <line number="16" hits="1" branch="false"/>
                                <line number="15" hits="1" branch="false"/>
                                <line number="14" hits="1" branch="false"/>
                                <line number="14" hits="1" branch="false"/>
                                <line number="14" hits="1" branch="false"/>
                                <line number="19" hits="1" branch="false"/>
                                <line number="15" hits="1" branch="false"/>
                                <line number="17" hits="1" branch="false"/>
                                <line number="16" hits="1" branch="false"/>
                                <line number="19" hits="1" branch="false"/>
                                <line number="14" hits="1" branch="false"/>
                                <line number="15" hits="1" branch="false"/>
                            </lines>
                        </method>
                    </methods>
                    <lines>
                        <line number="25" hits="1" branch="false"/>
                        <line number="16" hits="1" branch="false"/>
                        <line number="15" hits="1" branch="false"/>
                        <line number="28" hits="1" branch="false"/>
                        <line number="14" hits="1" branch="false"/>
                        <line number="14" hits="1" branch="false"/>
                        <line number="24" hits="1" branch="false"/>
                        <line number="14" hits="1" branch="false"/>
                        <line number="19" hits="1" branch="false"/>
                        <line number="27" hits="1" branch="false"/>
                        <line number="24" hits="1" branch="false"/>
                        <line number="15" hits="1" branch="false"/>
                        <line number="17" hits="1" branch="false"/>
                        <line number="10" hits="1" branch="false"/>
                        <line number="26" hits="0" branch="false"/>
                        <line number="16" hits="1" branch="false"/>
                        <line number="26" hits="0" branch="false"/>
                        <line number="19" hits="1" branch="false"/>
                        <line number="14" hits="1" branch="false"/>
                        <line number="28" hits="1" branch="false"/>
                        <line number="15" hits="1" branch="false"/>
                        <line number="24" hits="1" branch="false"/>
                    </lines>
</class>
            </classes>
        </package>
    </packages>
</coverage>
