<?xml version="1.0"?>
<!DOCTYPE coverage SYSTEM "http://cobertura.sourceforge.net/xml/coverage-04.dtd">
<coverage 
line-rate="0.92" lines-valid="48" lines-covered="44" branches-valid="0" branches-covered="0" branch-rate="1.00" complexity="0" version="1.0" timestamp="1504674953193">
    <sources>
        <source>--source</source>
        <source>/home/knoldus/TestProject/inventory/src/main/scala</source>
    </sources>
    <packages>
        <package name="&lt;empty&gt;" line-rate="0.92" branch-rate="1.00" complexity="0">
            <classes>
                <class name="InventoryService" filename="InventoryService.scala" line-rate="0.92" branch-rate="1.00" complexity="0">
                    <methods>
                        <method 
                        name="&lt;empty&gt;/InventoryService/searchBasedOnCategory" signature="()V" line-rate="1.00" branch-rate="1.00" complexity="0">
                            <lines>
                                <line number="17" hits="1" branch="false"/>
                                <line number="18" hits="1" branch="false"/>
                            </lines>
</method>
                        <method 
                        name="&lt;empty&gt;/InventoryService/sortItems" signature="()V" line-rate="0.76" branch-rate="1.00" complexity="0">
                            <lines>
                                <line number="24" hits="1" branch="false"/>
                                <line number="26" hits="1" branch="false"/>
                                <line number="24" hits="1" branch="false"/>
                                <line number="27" hits="0" branch="false"/>
                                <line number="25" hits="1" branch="false"/>
                                <line number="27" hits="0" branch="false"/>
                                <line number="27" hits="0" branch="false"/>
                                <line number="26" hits="1" branch="false"/>
                                <line number="26" hits="1" branch="false"/>
                                <line number="24" hits="1" branch="false"/>
                                <line number="25" hits="1" branch="false"/>
                                <line number="27" hits="0" branch="false"/>
                                <line number="25" hits="1" branch="false"/>
                                <line number="22" hits="1" branch="false"/>
                                <line number="25" hits="1" branch="false"/>
                                <line number="26" hits="1" branch="false"/>
                                <line number="24" hits="1" branch="false"/>
                            </lines>
</method>
                        <method 
                        name="&lt;empty&gt;/InventoryService/&lt;none&gt;" signature="()V" line-rate="1.00" branch-rate="1.00" complexity="0">
                            <lines>
                                <line number="12" hits="1" branch="false"/>
                                <line number="12" hits="1" branch="false"/>
                                <line number="10" hits="1" branch="false"/>
                                <line number="15" hits="1" branch="false"/>
                                <line number="11" hits="1" branch="false"/>
                                <line number="15" hits="1" branch="false"/>
                                <line number="7" hits="1" branch="false"/>
                                <line number="12" hits="1" branch="false"/>
                                <line number="10" hits="1" branch="false"/>
                                <line number="12" hits="1" branch="false"/>
                                <line number="10" hits="1" branch="false"/>
                                <line number="9" hits="1" branch="false"/>
                                <line number="13" hits="1" branch="false"/>
                                <line number="10" hits="1" branch="false"/>
                                <line number="12" hits="1" branch="false"/>
                                <line number="15" hits="1" branch="false"/>
                                <line number="10" hits="1" branch="false"/>
                                <line number="6" hits="1" branch="false"/>
                                <line number="12" hits="1" branch="false"/>
                                <line number="15" hits="1" branch="false"/>
                                <line number="12" hits="1" branch="false"/>
                                <line number="10" hits="1" branch="false"/>
                                <line number="15" hits="1" branch="false"/>
                                <line number="13" hits="1" branch="false"/>
                                <line number="8" hits="1" branch="false"/>
                                <line number="11" hits="1" branch="false"/>
                                <line number="12" hits="1" branch="false"/>
                                <line number="15" hits="1" branch="false"/>
                                <line number="10" hits="1" branch="false"/>
                            </lines>
</method>
                    </methods>
                    <lines>
                        <line number="12" hits="1" branch="false"/>
                        <line number="24" hits="1" branch="false"/>
                        <line number="26" hits="1" branch="false"/>
                        <line number="12" hits="1" branch="false"/>
                        <line number="10" hits="1" branch="false"/>
                        <line number="24" hits="1" branch="false"/>
                        <line number="27" hits="0" branch="false"/>
                        <line number="15" hits="1" branch="false"/>
                        <line number="11" hits="1" branch="false"/>
                        <line number="15" hits="1" branch="false"/>
                        <line number="25" hits="1" branch="false"/>
                        <line number="27" hits="0" branch="false"/>
                        <line number="7" hits="1" branch="false"/>
                        <line number="12" hits="1" branch="false"/>
                        <line number="10" hits="1" branch="false"/>
                        <line number="12" hits="1" branch="false"/>
                        <line number="27" hits="0" branch="false"/>
                        <line number="26" hits="1" branch="false"/>
                        <line number="10" hits="1" branch="false"/>
                        <line number="9" hits="1" branch="false"/>
                        <line number="17" hits="1" branch="false"/>
                        <line number="13" hits="1" branch="false"/>
                        <line number="10" hits="1" branch="false"/>
                        <line number="12" hits="1" branch="false"/>
                        <line number="26" hits="1" branch="false"/>
                        <line number="15" hits="1" branch="false"/>
                        <line number="24" hits="1" branch="false"/>
                        <line number="10" hits="1" branch="false"/>
                        <line number="25" hits="1" branch="false"/>
                        <line number="6" hits="1" branch="false"/>
                        <line number="12" hits="1" branch="false"/>
                        <line number="15" hits="1" branch="false"/>
                        <line number="27" hits="0" branch="false"/>
                        <line number="12" hits="1" branch="false"/>
                        <line number="10" hits="1" branch="false"/>
                        <line number="15" hits="1" branch="false"/>
                        <line number="25" hits="1" branch="false"/>
                        <line number="13" hits="1" branch="false"/>
                        <line number="8" hits="1" branch="false"/>
                        <line number="11" hits="1" branch="false"/>
                        <line number="22" hits="1" branch="false"/>
                        <line number="18" hits="1" branch="false"/>
                        <line number="25" hits="1" branch="false"/>
                        <line number="12" hits="1" branch="false"/>
                        <line number="26" hits="1" branch="false"/>
                        <line number="15" hits="1" branch="false"/>
                        <line number="10" hits="1" branch="false"/>
                        <line number="24" hits="1" branch="false"/>
                    </lines>
                </class>
            </classes>
        </package>
    </packages>
</coverage>
